<?xml version="1.0" encoding="UTF-8"?>
<testng-results ignored="0" total="2" passed="2" failed="0" skipped="0">
  <reporter-output>
  </reporter-output>
  <suite started-at="2022-11-24T17:27:29 IST" name="Default suite" finished-at="2022-11-24T17:27:33 IST" duration-ms="4745">
    <groups>
    </groups>
    <test started-at="2022-11-24T17:27:29 IST" name="Default test" finished-at="2022-11-24T17:27:33 IST" duration-ms="4745">
      <class name="RestAssuredTests.TC_TestCases">
        <test-method is-config="true" signature="startReports()[pri:0, instance:RestAssuredTests.TC_TestCases@3e58a80e]" started-at="2022-11-24T17:27:29 IST" name="startReports" finished-at="2022-11-24T17:27:29 IST" duration-ms="160" status="PASS">
          <reporter-output>
          </reporter-output>
        </test-method> <!-- startReports -->
        <test-method signature="test_getPetById()[pri:2, instance:RestAssuredTests.TC_TestCases@3e58a80e]" started-at="2022-11-24T17:27:29 IST" name="test_getPetById" finished-at="2022-11-24T17:27:32 IST" duration-ms="3128" status="PASS">
          <reporter-output>
          </reporter-output>
        </test-method> <!-- test_getPetById -->
        <test-method signature="test_addPet()[pri:3, instance:RestAssuredTests.TC_TestCases@3e58a80e]" started-at="2022-11-24T17:27:32 IST" name="test_addPet" finished-at="2022-11-24T17:27:33 IST" duration-ms="1579" status="PASS">
          <reporter-output>
          </reporter-output>
        </test-method> <!-- test_addPet -->
        <test-method is-config="true" signature="closeReports()[pri:0, instance:RestAssuredTests.TC_TestCases@3e58a80e]" started-at="2022-11-24T17:27:33 IST" name="closeReports" finished-at="2022-11-24T17:27:34 IST" duration-ms="254" status="PASS">
          <reporter-output>
          </reporter-output>
        </test-method> <!-- closeReports -->
      </class> <!-- RestAssuredTests.TC_TestCases -->
    </test> <!-- Default test -->
  </suite> <!-- Default suite -->
</testng-results>
