<?xml version="1.0" encoding="UTF-8"?>
<testng-results ignored="0" total="1" passed="1" failed="0" skipped="0">
  <reporter-output>
  </reporter-output>
  <suite started-at="2022-11-23T17:45:54 IST" name="Default suite" finished-at="2022-11-23T17:45:57 IST" duration-ms="3066">
    <groups>
    </groups>
    <test started-at="2022-11-23T17:45:54 IST" name="Default test" finished-at="2022-11-23T17:45:57 IST" duration-ms="3066">
      <class name="RestAssuredTests.TC_FindPetById">
        <test-method signature="test_getPetById()[pri:0, instance:RestAssuredTests.TC_FindPetById@61df66b6]" started-at="2022-11-23T17:45:54 IST" name="test_getPetById" finished-at="2022-11-23T17:45:57 IST" duration-ms="3022" status="PASS">
          <reporter-output>
          </reporter-output>
        </test-method> <!-- test_getPetById -->
      </class> <!-- RestAssuredTests.TC_FindPetById -->
    </test> <!-- Default test -->
  </suite> <!-- Default suite -->
</testng-results>
